<?xml version="1.0" encoding="UTF-8"?>
<!-- Generated by org.testng.reporters.JUnitReportReporter -->
<testsuite hostname="DESKTOP-R9DPKJC" failures="0" tests="1" name="com.application1.ExtentReports.SampleExtentReport" time="1.829" errors="0" timestamp="2021-03-05T01:31:49 IST" skipped="0">
  <testcase classname="com.application1.ExtentReports.SampleExtentReport" name="test1" time="1.829"/>
  <system-out/>
</testsuite> <!-- com.application1.ExtentReports.SampleExtentReport -->
