<?xml version="1.0" encoding="UTF-8"?>
<!-- Generated by org.testng.reporters.JUnitReportReporter -->
<testsuite hostname="DESKTOP-R9DPKJC" failures="0" tests="8" name="com.application1.tests.DockerTestsamples" time="136.160" errors="0" timestamp="2021-03-13T20:32:55 IST" skipped="0">
  <testcase classname="com.application1.tests.DockerTestsamples" name="localtest" time="13.074"/>
  <system-out/>
  <testcase classname="com.application1.tests.DockerTestsamples" name="localtest" time="19.279"/>
  <system-out/>
  <testcase classname="com.application1.tests.DockerTestsamples" name="localtest" time="13.119"/>
  <system-out/>
  <testcase classname="com.application1.tests.DockerTestsamples" name="localtest" time="17.964"/>
  <system-out/>
  <testcase classname="com.application1.tests.DockerTestsamples" name="localtest" time="15.375"/>
  <system-out/>
  <testcase classname="com.application1.tests.DockerTestsamples" name="localtest" time="15.371"/>
  <system-out/>
  <testcase classname="com.application1.tests.DockerTestsamples" name="localtest" time="15.350"/>
  <system-out/>
  <testcase classname="com.application1.tests.DockerTestsamples" name="localtest" time="26.628"/>
  <system-out/>
</testsuite> <!-- com.application1.tests.DockerTestsamples -->
