<?xml version="1.0" encoding="UTF-8"?>
<!-- Generated by org.testng.reporters.JUnitReportReporter -->
<testsuite hostname="DESKTOP-R9DPKJC" failures="0" tests="1" name="com.application1.tests.FBTestCases" time="0.002" errors="0" timestamp="2021-03-05T01:53:14 IST" skipped="0">
  <testcase classname="com.application1.tests.FBTestCases" name="FBTC1" time="0.002"/>
  <system-out/>
</testsuite> <!-- com.application1.tests.FBTestCases -->
