<?xml version="1.0" encoding="UTF-8"?>
<!-- Generated by org.testng.reporters.JUnitReportReporter -->
<testsuite hostname="DESKTOP-R9DPKJC" failures="0" tests="3" name="com.application1.DataProvider.dataProviderTest" time="0.008" errors="0" timestamp="2021-03-05T01:53:14 IST" skipped="0">
  <testcase classname="com.application1.DataProvider.dataProviderTest" name="test" time="0.001"/>
  <system-out/>
  <testcase classname="com.application1.DataProvider.dataProviderTest" name="test" time="0.003"/>
  <system-out/>
  <testcase classname="com.application1.DataProvider.dataProviderTest" name="test" time="0.004"/>
  <system-out/>
</testsuite> <!-- com.application1.DataProvider.dataProviderTest -->
